INFO  started: Metals version 0.8.3 in workspace '/home/andy/DEV/sp-frontend'
INFO  time: initialize in 0.33s
WARN  no build target for: /home/andy/DEV/sp-frontend/app/controllers/HomeController.scala
INFO  no build target: using presentation compiler with only scala-library
Apr 06, 2020 8:24:00 PM org.eclipse.lsp4j.jsonrpc.RemoteEndpoint handleCancellation
WARNING: Unmatched cancel notification for request id 6
Apr 06, 2020 8:24:00 PM org.eclipse.lsp4j.jsonrpc.RemoteEndpoint handleCancellation
WARNING: Unmatched cancel notification for request id 7
WARN  code navigation does not work for the file '/home/andy/DEV/sp-frontend/app/controllers/HomeController.scala' because it doesn't belong to a build target.
WARN  code navigation does not work for the file '/home/andy/DEV/sp-frontend/app/controllers/HomeController.scala' because it doesn't belong to a build target.
WARN  code navigation does not work for the file '/home/andy/DEV/sp-frontend/app/controllers/HomeController.scala' because it doesn't belong to a build target.
WARN  code navigation does not work for the file '/home/andy/DEV/sp-frontend/app/controllers/HomeController.scala' because it doesn't belong to a build target.
WARN  code navigation does not work for the file '/home/andy/DEV/sp-frontend/app/controllers/HomeController.scala' because it doesn't belong to a build target.
WARN  code navigation does not work for the file '/home/andy/DEV/sp-frontend/app/controllers/HomeController.scala' because it doesn't belong to a build target.
WARN  no build target for: /home/andy/DEV/sp-frontend/app/controllers/HomeController.scala
WARN  no build target for: /home/andy/DEV/sp-frontend/app/controllers/HomeController.scala
WARN  no build target for: /home/andy/DEV/sp-frontend/app/controllers/HomeController.scala
Apr 06, 2020 8:31:32 PM org.eclipse.lsp4j.jsonrpc.RemoteEndpoint fallbackResponseError
SEVERE: Internal error: java.lang.StringIndexOutOfBoundsException: String index out of range: -1
java.util.concurrent.CompletionException: java.lang.StringIndexOutOfBoundsException: String index out of range: -1
	at java.util.concurrent.CompletableFuture.encodeThrowable(CompletableFuture.java:292)
	at java.util.concurrent.CompletableFuture.completeThrowable(CompletableFuture.java:308)
	at java.util.concurrent.CompletableFuture.uniAccept(CompletableFuture.java:661)
	at java.util.concurrent.CompletableFuture$UniAccept.tryFire(CompletableFuture.java:646)
	at java.util.concurrent.CompletableFuture.postComplete(CompletableFuture.java:488)
	at java.util.concurrent.CompletableFuture.completeExceptionally(CompletableFuture.java:1990)
	at scala.meta.internal.metals.CancelTokens$.$anonfun$future$1(CancelTokens.scala:38)
	at scala.meta.internal.metals.CancelTokens$.$anonfun$future$1$adapted(CancelTokens.scala:36)
	at scala.concurrent.impl.CallbackRunnable.run(Promise.scala:64)
	at java.util.concurrent.ThreadPoolExecutor.runWorker(ThreadPoolExecutor.java:1149)
	at java.util.concurrent.ThreadPoolExecutor$Worker.run(ThreadPoolExecutor.java:624)
	at java.lang.Thread.run(Thread.java:748)
Caused by: java.lang.StringIndexOutOfBoundsException: String index out of range: -1
	at java.lang.String.charAt(String.java:658)
	at scala.collection.immutable.StringOps$.apply$extension(StringOps.scala:41)
	at scala.meta.internal.metals.MetalsEnrichments$XtensionString.lastIndexBetween(MetalsEnrichments.scala:408)
	at scala.meta.internal.metals.MultilineStringFormattingProvider.pipeInScope(MultilineStringFormattingProvider.scala:93)
	at scala.meta.internal.metals.MultilineStringFormattingProvider.$anonfun$withToken$1(MultilineStringFormattingProvider.scala:139)
	at scala.concurrent.Future$.$anonfun$apply$1(Future.scala:659)
	at scala.util.Success.$anonfun$map$1(Try.scala:255)
	at scala.util.Success.map(Try.scala:213)
	at scala.concurrent.Future.$anonfun$map$1(Future.scala:292)
	at scala.concurrent.impl.Promise.liftedTree1$1(Promise.scala:33)
	at scala.concurrent.impl.Promise.$anonfun$transform$1(Promise.scala:33)
	... 4 more

WARN  no build target for: /home/andy/DEV/sp-frontend/app/controllers/HomeController.scala
WARN  no build target for: /home/andy/DEV/sp-frontend/app/controllers/HomeController.scala
WARN  no build target for: /home/andy/DEV/sp-frontend/app/controllers/HomeController.scala
WARN  code navigation does not work for the file '/home/andy/DEV/sp-frontend/app/controllers/HomeController.scala' because it doesn't belong to a build target.
WARN  code navigation does not work for the file '/home/andy/DEV/sp-frontend/app/controllers/HomeController.scala' because it doesn't belong to a build target.
WARN  no build target for: /home/andy/DEV/sp-frontend/app/controllers/HomeController.scala
WARN  no build target for: /home/andy/DEV/sp-frontend/app/controllers/HomeController.scala
WARN  code navigation does not work for the file '/home/andy/DEV/sp-frontend/app/controllers/HomeController.scala' because it doesn't belong to a build target.
WARN  code navigation does not work for the file '/home/andy/DEV/sp-frontend/app/controllers/HomeController.scala' because it doesn't belong to a build target.
WARN  no build target for: /home/andy/DEV/sp-frontend/app/controllers/HomeController.scala
WARN  no build target for: /home/andy/DEV/sp-frontend/app/models/Payment.scala
Apr 06, 2020 9:46:20 PM org.eclipse.lsp4j.jsonrpc.RemoteEndpoint fallbackResponseError
SEVERE: Internal error: java.lang.StringIndexOutOfBoundsException: String index out of range: -1
java.util.concurrent.CompletionException: java.lang.StringIndexOutOfBoundsException: String index out of range: -1
	at java.util.concurrent.CompletableFuture.encodeThrowable(CompletableFuture.java:292)
	at java.util.concurrent.CompletableFuture.completeThrowable(CompletableFuture.java:308)
	at java.util.concurrent.CompletableFuture.uniAccept(CompletableFuture.java:661)
	at java.util.concurrent.CompletableFuture$UniAccept.tryFire(CompletableFuture.java:646)
	at java.util.concurrent.CompletableFuture.postComplete(CompletableFuture.java:488)
	at java.util.concurrent.CompletableFuture.completeExceptionally(CompletableFuture.java:1990)
	at scala.meta.internal.metals.CancelTokens$.$anonfun$future$1(CancelTokens.scala:38)
	at scala.meta.internal.metals.CancelTokens$.$anonfun$future$1$adapted(CancelTokens.scala:36)
	at scala.concurrent.impl.CallbackRunnable.run(Promise.scala:64)
	at java.util.concurrent.ThreadPoolExecutor.runWorker(ThreadPoolExecutor.java:1149)
	at java.util.concurrent.ThreadPoolExecutor$Worker.run(ThreadPoolExecutor.java:624)
	at java.lang.Thread.run(Thread.java:748)
Caused by: java.lang.StringIndexOutOfBoundsException: String index out of range: -1
	at java.lang.String.charAt(String.java:658)
	at scala.collection.immutable.StringOps$.apply$extension(StringOps.scala:41)
	at scala.meta.internal.metals.MetalsEnrichments$XtensionString.lastIndexBetween(MetalsEnrichments.scala:408)
	at scala.meta.internal.metals.MultilineStringFormattingProvider.pipeInScope(MultilineStringFormattingProvider.scala:93)
	at scala.meta.internal.metals.MultilineStringFormattingProvider.$anonfun$withToken$1(MultilineStringFormattingProvider.scala:139)
	at scala.concurrent.Future$.$anonfun$apply$1(Future.scala:659)
	at scala.util.Success.$anonfun$map$1(Try.scala:255)
	at scala.util.Success.map(Try.scala:213)
	at scala.concurrent.Future.$anonfun$map$1(Future.scala:292)
	at scala.concurrent.impl.Promise.liftedTree1$1(Promise.scala:33)
	at scala.concurrent.impl.Promise.$anonfun$transform$1(Promise.scala:33)
	... 4 more

Apr 06, 2020 9:46:35 PM org.eclipse.lsp4j.jsonrpc.RemoteEndpoint handleCancellation
WARNING: Unmatched cancel notification for request id 886
WARN  no build target for: /home/andy/DEV/sp-frontend/app/models/Payment.scala
WARN  code navigation does not work for the file '/home/andy/DEV/sp-frontend/app/models/Payment.scala' because it doesn't belong to a build target.
WARN  code navigation does not work for the file '/home/andy/DEV/sp-frontend/app/models/Payment.scala' because it doesn't belong to a build target.
Apr 06, 2020 9:47:07 PM org.eclipse.lsp4j.jsonrpc.RemoteEndpoint fallbackResponseError
SEVERE: Internal error: java.lang.StringIndexOutOfBoundsException: String index out of range: -1
java.util.concurrent.CompletionException: java.lang.StringIndexOutOfBoundsException: String index out of range: -1
	at java.util.concurrent.CompletableFuture.encodeThrowable(CompletableFuture.java:292)
	at java.util.concurrent.CompletableFuture.completeThrowable(CompletableFuture.java:308)
	at java.util.concurrent.CompletableFuture.uniAccept(CompletableFuture.java:661)
	at java.util.concurrent.CompletableFuture$UniAccept.tryFire(CompletableFuture.java:646)
	at java.util.concurrent.CompletableFuture.postComplete(CompletableFuture.java:488)
	at java.util.concurrent.CompletableFuture.completeExceptionally(CompletableFuture.java:1990)
	at scala.meta.internal.metals.CancelTokens$.$anonfun$future$1(CancelTokens.scala:38)
	at scala.meta.internal.metals.CancelTokens$.$anonfun$future$1$adapted(CancelTokens.scala:36)
	at scala.concurrent.impl.CallbackRunnable.run(Promise.scala:64)
	at java.util.concurrent.ThreadPoolExecutor.runWorker(ThreadPoolExecutor.java:1149)
	at java.util.concurrent.ThreadPoolExecutor$Worker.run(ThreadPoolExecutor.java:624)
	at java.lang.Thread.run(Thread.java:748)
Caused by: java.lang.StringIndexOutOfBoundsException: String index out of range: -1
	at java.lang.String.charAt(String.java:658)
	at scala.collection.immutable.StringOps$.apply$extension(StringOps.scala:41)
	at scala.meta.internal.metals.MetalsEnrichments$XtensionString.lastIndexBetween(MetalsEnrichments.scala:408)
	at scala.meta.internal.metals.MultilineStringFormattingProvider.pipeInScope(MultilineStringFormattingProvider.scala:93)
	at scala.meta.internal.metals.MultilineStringFormattingProvider.$anonfun$withToken$1(MultilineStringFormattingProvider.scala:139)
	at scala.concurrent.Future$.$anonfun$apply$1(Future.scala:659)
	at scala.util.Success.$anonfun$map$1(Try.scala:255)
	at scala.util.Success.map(Try.scala:213)
	at scala.concurrent.Future.$anonfun$map$1(Future.scala:292)
	at scala.concurrent.impl.Promise.liftedTree1$1(Promise.scala:33)
	at scala.concurrent.impl.Promise.$anonfun$transform$1(Promise.scala:33)
	... 4 more

WARN  code navigation does not work for the file '/home/andy/DEV/sp-frontend/app/models/Payment.scala' because it doesn't belong to a build target.
WARN  code navigation does not work for the file '/home/andy/DEV/sp-frontend/app/models/Payment.scala' because it doesn't belong to a build target.
WARN  no build target for: /home/andy/DEV/sp-frontend/app/models/Payment.scala
WARN  no build target for: /home/andy/DEV/sp-frontend/app/controllers/HomeController.scala
Apr 06, 2020 9:50:40 PM org.eclipse.lsp4j.jsonrpc.RemoteEndpoint fallbackResponseError
SEVERE: Internal error: java.lang.StringIndexOutOfBoundsException: String index out of range: -1
java.util.concurrent.CompletionException: java.lang.StringIndexOutOfBoundsException: String index out of range: -1
	at java.util.concurrent.CompletableFuture.encodeThrowable(CompletableFuture.java:292)
	at java.util.concurrent.CompletableFuture.completeThrowable(CompletableFuture.java:308)
	at java.util.concurrent.CompletableFuture.uniAccept(CompletableFuture.java:661)
	at java.util.concurrent.CompletableFuture$UniAccept.tryFire(CompletableFuture.java:646)
	at java.util.concurrent.CompletableFuture.postComplete(CompletableFuture.java:488)
	at java.util.concurrent.CompletableFuture.completeExceptionally(CompletableFuture.java:1990)
	at scala.meta.internal.metals.CancelTokens$.$anonfun$future$1(CancelTokens.scala:38)
	at scala.meta.internal.metals.CancelTokens$.$anonfun$future$1$adapted(CancelTokens.scala:36)
	at scala.concurrent.impl.CallbackRunnable.run(Promise.scala:64)
	at java.util.concurrent.ThreadPoolExecutor.runWorker(ThreadPoolExecutor.java:1149)
	at java.util.concurrent.ThreadPoolExecutor$Worker.run(ThreadPoolExecutor.java:624)
	at java.lang.Thread.run(Thread.java:748)
Caused by: java.lang.StringIndexOutOfBoundsException: String index out of range: -1
	at java.lang.String.charAt(String.java:658)
	at scala.collection.immutable.StringOps$.apply$extension(StringOps.scala:41)
	at scala.meta.internal.metals.MetalsEnrichments$XtensionString.lastIndexBetween(MetalsEnrichments.scala:408)
	at scala.meta.internal.metals.MultilineStringFormattingProvider.pipeInScope(MultilineStringFormattingProvider.scala:93)
	at scala.meta.internal.metals.MultilineStringFormattingProvider.$anonfun$withToken$1(MultilineStringFormattingProvider.scala:139)
	at scala.concurrent.Future$.$anonfun$apply$1(Future.scala:659)
	at scala.util.Success.$anonfun$map$1(Try.scala:255)
	at scala.util.Success.map(Try.scala:213)
	at scala.concurrent.Future.$anonfun$map$1(Future.scala:292)
	at scala.concurrent.impl.Promise.liftedTree1$1(Promise.scala:33)
	at scala.concurrent.impl.Promise.$anonfun$transform$1(Promise.scala:33)
	... 4 more

WARN  no build target for: /home/andy/DEV/sp-frontend/app/controllers/HomeController.scala
Apr 06, 2020 9:54:28 PM org.eclipse.lsp4j.jsonrpc.RemoteEndpoint fallbackResponseError
SEVERE: Internal error: java.lang.StringIndexOutOfBoundsException: String index out of range: -1
java.util.concurrent.CompletionException: java.lang.StringIndexOutOfBoundsException: String index out of range: -1
	at java.util.concurrent.CompletableFuture.encodeThrowable(CompletableFuture.java:292)
	at java.util.concurrent.CompletableFuture.completeThrowable(CompletableFuture.java:308)
	at java.util.concurrent.CompletableFuture.uniAccept(CompletableFuture.java:661)
	at java.util.concurrent.CompletableFuture$UniAccept.tryFire(CompletableFuture.java:646)
	at java.util.concurrent.CompletableFuture.postComplete(CompletableFuture.java:488)
	at java.util.concurrent.CompletableFuture.completeExceptionally(CompletableFuture.java:1990)
	at scala.meta.internal.metals.CancelTokens$.$anonfun$future$1(CancelTokens.scala:38)
	at scala.meta.internal.metals.CancelTokens$.$anonfun$future$1$adapted(CancelTokens.scala:36)
	at scala.concurrent.impl.CallbackRunnable.run(Promise.scala:64)
	at java.util.concurrent.ThreadPoolExecutor.runWorker(ThreadPoolExecutor.java:1149)
	at java.util.concurrent.ThreadPoolExecutor$Worker.run(ThreadPoolExecutor.java:624)
	at java.lang.Thread.run(Thread.java:748)
Caused by: java.lang.StringIndexOutOfBoundsException: String index out of range: -1
	at java.lang.String.charAt(String.java:658)
	at scala.collection.immutable.StringOps$.apply$extension(StringOps.scala:41)
	at scala.meta.internal.metals.MetalsEnrichments$XtensionString.lastIndexBetween(MetalsEnrichments.scala:408)
	at scala.meta.internal.metals.MultilineStringFormattingProvider.pipeInScope(MultilineStringFormattingProvider.scala:93)
	at scala.meta.internal.metals.MultilineStringFormattingProvider.$anonfun$withToken$1(MultilineStringFormattingProvider.scala:139)
	at scala.concurrent.Future$.$anonfun$apply$1(Future.scala:659)
	at scala.util.Success.$anonfun$map$1(Try.scala:255)
	at scala.util.Success.map(Try.scala:213)
	at scala.concurrent.Future.$anonfun$map$1(Future.scala:292)
	at scala.concurrent.impl.Promise.liftedTree1$1(Promise.scala:33)
	at scala.concurrent.impl.Promise.$anonfun$transform$1(Promise.scala:33)
	... 4 more

WARN  code navigation does not work for the file '/home/andy/DEV/sp-frontend/app/models/Payment.scala' because it doesn't belong to a build target.
WARN  code navigation does not work for the file '/home/andy/DEV/sp-frontend/app/models/Payment.scala' because it doesn't belong to a build target.
Apr 06, 2020 9:54:46 PM org.eclipse.lsp4j.jsonrpc.RemoteEndpoint fallbackResponseError
SEVERE: Internal error: java.lang.StringIndexOutOfBoundsException: String index out of range: -1
java.util.concurrent.CompletionException: java.lang.StringIndexOutOfBoundsException: String index out of range: -1
	at java.util.concurrent.CompletableFuture.encodeThrowable(CompletableFuture.java:292)
	at java.util.concurrent.CompletableFuture.completeThrowable(CompletableFuture.java:308)
	at java.util.concurrent.CompletableFuture.uniAccept(CompletableFuture.java:661)
	at java.util.concurrent.CompletableFuture$UniAccept.tryFire(CompletableFuture.java:646)
	at java.util.concurrent.CompletableFuture.postComplete(CompletableFuture.java:488)
	at java.util.concurrent.CompletableFuture.completeExceptionally(CompletableFuture.java:1990)
	at scala.meta.internal.metals.CancelTokens$.$anonfun$future$1(CancelTokens.scala:38)
	at scala.meta.internal.metals.CancelTokens$.$anonfun$future$1$adapted(CancelTokens.scala:36)
	at scala.concurrent.impl.CallbackRunnable.run(Promise.scala:64)
	at java.util.concurrent.ThreadPoolExecutor.runWorker(ThreadPoolExecutor.java:1149)
	at java.util.concurrent.ThreadPoolExecutor$Worker.run(ThreadPoolExecutor.java:624)
	at java.lang.Thread.run(Thread.java:748)
Caused by: java.lang.StringIndexOutOfBoundsException: String index out of range: -1
	at java.lang.String.charAt(String.java:658)
	at scala.collection.immutable.StringOps$.apply$extension(StringOps.scala:41)
	at scala.meta.internal.metals.MetalsEnrichments$XtensionString.lastIndexBetween(MetalsEnrichments.scala:408)
	at scala.meta.internal.metals.MultilineStringFormattingProvider.pipeInScope(MultilineStringFormattingProvider.scala:93)
	at scala.meta.internal.metals.MultilineStringFormattingProvider.$anonfun$withToken$1(MultilineStringFormattingProvider.scala:139)
	at scala.concurrent.Future$.$anonfun$apply$1(Future.scala:659)
	at scala.util.Success.$anonfun$map$1(Try.scala:255)
	at scala.util.Success.map(Try.scala:213)
	at scala.concurrent.Future.$anonfun$map$1(Future.scala:292)
	at scala.concurrent.impl.Promise.liftedTree1$1(Promise.scala:33)
	at scala.concurrent.impl.Promise.$anonfun$transform$1(Promise.scala:33)
	... 4 more

WARN  code navigation does not work for the file '/home/andy/DEV/sp-frontend/app/models/Payment.scala' because it doesn't belong to a build target.
WARN  code navigation does not work for the file '/home/andy/DEV/sp-frontend/app/models/Payment.scala' because it doesn't belong to a build target.
WARN  no build target for: /home/andy/DEV/sp-frontend/app/models/Payment.scala
WARN  no build target for: /home/andy/DEV/sp-frontend/app/models/Payment.scala
WARN  no build target for: /home/andy/DEV/sp-frontend/app/controllers/HomeController.scala
WARN  code navigation does not work for the file '/home/andy/DEV/sp-frontend/app/models/Payment.scala' because it doesn't belong to a build target.
WARN  code navigation does not work for the file '/home/andy/DEV/sp-frontend/app/models/Payment.scala' because it doesn't belong to a build target.
WARN  code navigation does not work for the file '/home/andy/DEV/sp-frontend/app/models/Payment.scala' because it doesn't belong to a build target.
WARN  code navigation does not work for the file '/home/andy/DEV/sp-frontend/app/models/Payment.scala' because it doesn't belong to a build target.
WARN  no build target for: /home/andy/DEV/sp-frontend/app/models/Payment.scala
Apr 06, 2020 10:03:27 PM org.eclipse.lsp4j.jsonrpc.RemoteEndpoint handleCancellation
WARNING: Unmatched cancel notification for request id 1487
Apr 06, 2020 10:04:30 PM org.eclipse.lsp4j.jsonrpc.RemoteEndpoint handleCancellation
WARNING: Unmatched cancel notification for request id 1591
Apr 07, 2020 3:03:15 PM org.eclipse.lsp4j.jsonrpc.RemoteEndpoint handleCancellation
WARNING: Unmatched cancel notification for request id 2049
WARN  no build target for: /home/andy/DEV/sp-frontend/app/controllers/HomeController.scala
WARN  code navigation does not work for the file '/home/andy/DEV/sp-frontend/app/controllers/HomeController.scala' because it doesn't belong to a build target.
WARN  code navigation does not work for the file '/home/andy/DEV/sp-frontend/app/controllers/HomeController.scala' because it doesn't belong to a build target.
WARN  no build target for: /home/andy/DEV/sp-frontend/app/controllers/HomeController.scala
WARN  code navigation does not work for the file '/home/andy/DEV/sp-frontend/app/controllers/HomeController.scala' because it doesn't belong to a build target.
WARN  code navigation does not work for the file '/home/andy/DEV/sp-frontend/app/controllers/HomeController.scala' because it doesn't belong to a build target.
INFO  shutting down Metals
INFO  started: Metals version 0.8.3 in workspace '/home/andy/DEV/sp-frontend'
INFO  time: initialize in 0.32s
INFO  skipping build import with status 'Requested'
WARN  no build target for: /home/andy/DEV/sp-frontend/app/controllers/HomeController.scala
Apr 07, 2020 4:14:55 PM org.eclipse.lsp4j.jsonrpc.RemoteEndpoint handleCancellation
WARNING: Unmatched cancel notification for request id 7
WARN  no build target for: /home/andy/DEV/sp-frontend/app/controllers/HomeController.scala
WARN  no build target for: /home/andy/DEV/sp-frontend/app/views/test.scala
WARN  no build target for: /home/andy/DEV/sp-frontend/test/controllers/HomeControllerSpec.scala
INFO  no build target: using presentation compiler with only scala-library
WARN  no build target for: /home/andy/DEV/sp-frontend/app/controllers/HomeController.scala
WARN  code navigation does not work for the file '/home/andy/DEV/sp-frontend/app/controllers/HomeController.scala' because it doesn't belong to a build target.
WARN  code navigation does not work for the file '/home/andy/DEV/sp-frontend/app/controllers/HomeController.scala' because it doesn't belong to a build target.
WARN  code navigation does not work for the file '/home/andy/DEV/sp-frontend/app/controllers/HomeController.scala' because it doesn't belong to a build target.
WARN  code navigation does not work for the file '/home/andy/DEV/sp-frontend/app/controllers/HomeController.scala' because it doesn't belong to a build target.
WARN  no build target for: /home/andy/DEV/sp-frontend/app/controllers/HomeController.scala
WARN  no build target for: /home/andy/DEV/sp-frontend/app/controllers/HomeController.scala
WARN  code navigation does not work for the file '/home/andy/DEV/sp-frontend/app/controllers/HomeController.scala' because it doesn't belong to a build target.
WARN  code navigation does not work for the file '/home/andy/DEV/sp-frontend/app/controllers/HomeController.scala' because it doesn't belong to a build target.
WARN  no build target for: /home/andy/DEV/sp-frontend/app/controllers/HomeController.scala
Apr 07, 2020 4:33:14 PM org.eclipse.lsp4j.jsonrpc.RemoteEndpoint fallbackResponseError
SEVERE: Internal error: java.lang.StringIndexOutOfBoundsException: String index out of range: -1
java.util.concurrent.CompletionException: java.lang.StringIndexOutOfBoundsException: String index out of range: -1
	at java.util.concurrent.CompletableFuture.encodeThrowable(CompletableFuture.java:292)
	at java.util.concurrent.CompletableFuture.completeThrowable(CompletableFuture.java:308)
	at java.util.concurrent.CompletableFuture.uniAccept(CompletableFuture.java:661)
	at java.util.concurrent.CompletableFuture$UniAccept.tryFire(CompletableFuture.java:646)
	at java.util.concurrent.CompletableFuture.postComplete(CompletableFuture.java:488)
	at java.util.concurrent.CompletableFuture.completeExceptionally(CompletableFuture.java:1990)
	at scala.meta.internal.metals.CancelTokens$.$anonfun$future$1(CancelTokens.scala:38)
	at scala.meta.internal.metals.CancelTokens$.$anonfun$future$1$adapted(CancelTokens.scala:36)
	at scala.concurrent.impl.CallbackRunnable.run(Promise.scala:64)
	at java.util.concurrent.ThreadPoolExecutor.runWorker(ThreadPoolExecutor.java:1149)
	at java.util.concurrent.ThreadPoolExecutor$Worker.run(ThreadPoolExecutor.java:624)
	at java.lang.Thread.run(Thread.java:748)
Caused by: java.lang.StringIndexOutOfBoundsException: String index out of range: -1
	at java.lang.String.charAt(String.java:658)
	at scala.collection.immutable.StringOps$.apply$extension(StringOps.scala:41)
	at scala.meta.internal.metals.MetalsEnrichments$XtensionString.lastIndexBetween(MetalsEnrichments.scala:408)
	at scala.meta.internal.metals.MultilineStringFormattingProvider.pipeInScope(MultilineStringFormattingProvider.scala:93)
	at scala.meta.internal.metals.MultilineStringFormattingProvider.$anonfun$withToken$1(MultilineStringFormattingProvider.scala:139)
	at scala.concurrent.Future$.$anonfun$apply$1(Future.scala:659)
	at scala.util.Success.$anonfun$map$1(Try.scala:255)
	at scala.util.Success.map(Try.scala:213)
	at scala.concurrent.Future.$anonfun$map$1(Future.scala:292)
	at scala.concurrent.impl.Promise.liftedTree1$1(Promise.scala:33)
	at scala.concurrent.impl.Promise.$anonfun$transform$1(Promise.scala:33)
	... 4 more

Apr 07, 2020 4:36:44 PM org.eclipse.lsp4j.jsonrpc.RemoteEndpoint fallbackResponseError
SEVERE: Internal error: java.lang.StringIndexOutOfBoundsException: String index out of range: -1
java.util.concurrent.CompletionException: java.lang.StringIndexOutOfBoundsException: String index out of range: -1
	at java.util.concurrent.CompletableFuture.encodeThrowable(CompletableFuture.java:292)
	at java.util.concurrent.CompletableFuture.completeThrowable(CompletableFuture.java:308)
	at java.util.concurrent.CompletableFuture.uniAccept(CompletableFuture.java:661)
	at java.util.concurrent.CompletableFuture$UniAccept.tryFire(CompletableFuture.java:646)
	at java.util.concurrent.CompletableFuture.postComplete(CompletableFuture.java:488)
	at java.util.concurrent.CompletableFuture.completeExceptionally(CompletableFuture.java:1990)
	at scala.meta.internal.metals.CancelTokens$.$anonfun$future$1(CancelTokens.scala:38)
	at scala.meta.internal.metals.CancelTokens$.$anonfun$future$1$adapted(CancelTokens.scala:36)
	at scala.concurrent.impl.CallbackRunnable.run(Promise.scala:64)
	at java.util.concurrent.ThreadPoolExecutor.runWorker(ThreadPoolExecutor.java:1149)
	at java.util.concurrent.ThreadPoolExecutor$Worker.run(ThreadPoolExecutor.java:624)
	at java.lang.Thread.run(Thread.java:748)
Caused by: java.lang.StringIndexOutOfBoundsException: String index out of range: -1
	at java.lang.String.charAt(String.java:658)
	at scala.collection.immutable.StringOps$.apply$extension(StringOps.scala:41)
	at scala.meta.internal.metals.MetalsEnrichments$XtensionString.lastIndexBetween(MetalsEnrichments.scala:408)
	at scala.meta.internal.metals.MultilineStringFormattingProvider.pipeInScope(MultilineStringFormattingProvider.scala:93)
	at scala.meta.internal.metals.MultilineStringFormattingProvider.$anonfun$withToken$1(MultilineStringFormattingProvider.scala:139)
	at scala.concurrent.Future$.$anonfun$apply$1(Future.scala:659)
	at scala.util.Success.$anonfun$map$1(Try.scala:255)
	at scala.util.Success.map(Try.scala:213)
	at scala.concurrent.Future.$anonfun$map$1(Future.scala:292)
	at scala.concurrent.impl.Promise.liftedTree1$1(Promise.scala:33)
	at scala.concurrent.impl.Promise.$anonfun$transform$1(Promise.scala:33)
	... 4 more

WARN  no build target for: /home/andy/DEV/sp-frontend/app/controllers/HomeController.scala
WARN  no build target for: /home/andy/DEV/sp-frontend/app/controllers/HomeController.scala
WARN  no build target for: /home/andy/DEV/sp-frontend/app/controllers/HomeController.scala
WARN  no build target for: /home/andy/DEV/sp-frontend/app/controllers/HomeController.scala
WARN  code navigation does not work for the file '/home/andy/DEV/sp-frontend/app/controllers/HomeController.scala' because it doesn't belong to a build target.
WARN  code navigation does not work for the file '/home/andy/DEV/sp-frontend/app/controllers/HomeController.scala' because it doesn't belong to a build target.
WARN  no build target for: /home/andy/DEV/sp-frontend/app/controllers/HomeController.scala
WARN  no build target for: /home/andy/DEV/sp-frontend/app/controllers/HomeController.scala
WARN  no build target for: /home/andy/DEV/sp-frontend/app/controllers/HomeController.scala
Apr 07, 2020 4:47:02 PM org.eclipse.lsp4j.jsonrpc.RemoteEndpoint handleCancellation
WARNING: Unmatched cancel notification for request id 419
WARN  no build target for: /home/andy/DEV/sp-frontend/app/controllers/HomeController.scala
Apr 07, 2020 4:47:30 PM org.eclipse.lsp4j.jsonrpc.RemoteEndpoint fallbackResponseError
SEVERE: Internal error: java.lang.StringIndexOutOfBoundsException: String index out of range: -1
java.util.concurrent.CompletionException: java.lang.StringIndexOutOfBoundsException: String index out of range: -1
	at java.util.concurrent.CompletableFuture.encodeThrowable(CompletableFuture.java:292)
	at java.util.concurrent.CompletableFuture.completeThrowable(CompletableFuture.java:308)
	at java.util.concurrent.CompletableFuture.uniAccept(CompletableFuture.java:661)
	at java.util.concurrent.CompletableFuture$UniAccept.tryFire(CompletableFuture.java:646)
	at java.util.concurrent.CompletableFuture.postComplete(CompletableFuture.java:488)
	at java.util.concurrent.CompletableFuture.completeExceptionally(CompletableFuture.java:1990)
	at scala.meta.internal.metals.CancelTokens$.$anonfun$future$1(CancelTokens.scala:38)
	at scala.meta.internal.metals.CancelTokens$.$anonfun$future$1$adapted(CancelTokens.scala:36)
	at scala.concurrent.impl.CallbackRunnable.run(Promise.scala:64)
	at java.util.concurrent.ThreadPoolExecutor.runWorker(ThreadPoolExecutor.java:1149)
	at java.util.concurrent.ThreadPoolExecutor$Worker.run(ThreadPoolExecutor.java:624)
	at java.lang.Thread.run(Thread.java:748)
Caused by: java.lang.StringIndexOutOfBoundsException: String index out of range: -1
	at java.lang.String.charAt(String.java:658)
	at scala.collection.immutable.StringOps$.apply$extension(StringOps.scala:41)
	at scala.meta.internal.metals.MetalsEnrichments$XtensionString.lastIndexBetween(MetalsEnrichments.scala:408)
	at scala.meta.internal.metals.MultilineStringFormattingProvider.pipeInScope(MultilineStringFormattingProvider.scala:93)
	at scala.meta.internal.metals.MultilineStringFormattingProvider.$anonfun$withToken$1(MultilineStringFormattingProvider.scala:139)
	at scala.concurrent.Future$.$anonfun$apply$1(Future.scala:659)
	at scala.util.Success.$anonfun$map$1(Try.scala:255)
	at scala.util.Success.map(Try.scala:213)
	at scala.concurrent.Future.$anonfun$map$1(Future.scala:292)
	at scala.concurrent.impl.Promise.liftedTree1$1(Promise.scala:33)
	at scala.concurrent.impl.Promise.$anonfun$transform$1(Promise.scala:33)
	... 4 more

WARN  no build target for: /home/andy/DEV/sp-frontend/app/controllers/HomeController.scala
WARN  no build target for: /home/andy/DEV/sp-frontend/app/controllers/HomeController.scala
WARN  no build target for: /home/andy/DEV/sp-frontend/app/controllers/HomeController.scala
WARN  no build target for: /home/andy/DEV/sp-frontend/app/controllers/HomeController.scala
WARN  code navigation does not work for the file '/home/andy/DEV/sp-frontend/app/controllers/HomeController.scala' because it doesn't belong to a build target.
WARN  code navigation does not work for the file '/home/andy/DEV/sp-frontend/app/controllers/HomeController.scala' because it doesn't belong to a build target.
WARN  no build target for: /home/andy/DEV/sp-frontend/app/controllers/HomeController.scala
WARN  code navigation does not work for the file '/home/andy/DEV/sp-frontend/app/controllers/HomeController.scala' because it doesn't belong to a build target.
WARN  code navigation does not work for the file '/home/andy/DEV/sp-frontend/app/controllers/HomeController.scala' because it doesn't belong to a build target.
WARN  no build target for: /home/andy/DEV/sp-frontend/app/controllers/HomeController.scala
WARN  code navigation does not work for the file '/home/andy/DEV/sp-frontend/app/controllers/HomeController.scala' because it doesn't belong to a build target.
WARN  code navigation does not work for the file '/home/andy/DEV/sp-frontend/app/controllers/HomeController.scala' because it doesn't belong to a build target.
WARN  no build target for: /home/andy/DEV/sp-frontend/app/models/Payment.scala
WARN  no build target for: /home/andy/DEV/sp-frontend/app/controllers/HomeController.scala
WARN  no build target for: /home/andy/DEV/sp-frontend/app/controllers/HomeController.scala
WARN  no build target for: /home/andy/DEV/sp-frontend/app/controllers/HomeController.scala
WARN  code navigation does not work for the file '/home/andy/DEV/sp-frontend/app/controllers/HomeController.scala' because it doesn't belong to a build target.
WARN  code navigation does not work for the file '/home/andy/DEV/sp-frontend/app/controllers/HomeController.scala' because it doesn't belong to a build target.
WARN  code navigation does not work for the file '/home/andy/DEV/sp-frontend/app/controllers/HomeController.scala' because it doesn't belong to a build target.
WARN  code navigation does not work for the file '/home/andy/DEV/sp-frontend/app/controllers/HomeController.scala' because it doesn't belong to a build target.
INFO  shutting down Metals
INFO  started: Metals version 0.8.3 in workspace '/home/andy/DEV/sp-frontend'
INFO  time: initialize in 0.34s
INFO  skipping build import with status 'Requested'
WARN  no build target for: /home/andy/DEV/sp-frontend/app/controllers/HomeController.scala
INFO  no build target: using presentation compiler with only scala-library
WARN  no build target for: /home/andy/DEV/sp-frontend/app/controllers/HomeController.scala
WARN  code navigation does not work for the file '/home/andy/DEV/sp-frontend/app/controllers/HomeController.scala' because it doesn't belong to a build target.
WARN  code navigation does not work for the file '/home/andy/DEV/sp-frontend/app/controllers/HomeController.scala' because it doesn't belong to a build target.
WARN  no build target for: /home/andy/DEV/sp-frontend/app/controllers/HomeController.scala
WARN  code navigation does not work for the file '/home/andy/DEV/sp-frontend/app/controllers/HomeController.scala' because it doesn't belong to a build target.
WARN  code navigation does not work for the file '/home/andy/DEV/sp-frontend/app/controllers/HomeController.scala' because it doesn't belong to a build target.
WARN  code navigation does not work for the file '/home/andy/DEV/sp-frontend/app/controllers/HomeController.scala' because it doesn't belong to a build target.
WARN  code navigation does not work for the file '/home/andy/DEV/sp-frontend/app/controllers/HomeController.scala' because it doesn't belong to a build target.
WARN  code navigation does not work for the file '/home/andy/DEV/sp-frontend/app/controllers/HomeController.scala' because it doesn't belong to a build target.
WARN  code navigation does not work for the file '/home/andy/DEV/sp-frontend/app/controllers/HomeController.scala' because it doesn't belong to a build target.
WARN  no build target for: /home/andy/DEV/sp-frontend/app/controllers/HomeController.scala
WARN  code navigation does not work for the file '/home/andy/DEV/sp-frontend/app/controllers/HomeController.scala' because it doesn't belong to a build target.
WARN  code navigation does not work for the file '/home/andy/DEV/sp-frontend/app/controllers/HomeController.scala' because it doesn't belong to a build target.
WARN  code navigation does not work for the file '/home/andy/DEV/sp-frontend/app/controllers/HomeController.scala' because it doesn't belong to a build target.
WARN  code navigation does not work for the file '/home/andy/DEV/sp-frontend/app/controllers/HomeController.scala' because it doesn't belong to a build target.
WARN  code navigation does not work for the file '/home/andy/DEV/sp-frontend/app/controllers/HomeController.scala' because it doesn't belong to a build target.
WARN  code navigation does not work for the file '/home/andy/DEV/sp-frontend/app/controllers/HomeController.scala' because it doesn't belong to a build target.
WARN  no build target for: /home/andy/DEV/sp-frontend/app/controllers/HomeController.scala
WARN  no build target for: /home/andy/DEV/sp-frontend/app/models/Payment.scala
Apr 07, 2020 5:14:35 PM org.eclipse.lsp4j.jsonrpc.RemoteEndpoint fallbackResponseError
SEVERE: Internal error: java.lang.StringIndexOutOfBoundsException: String index out of range: -1
java.util.concurrent.CompletionException: java.lang.StringIndexOutOfBoundsException: String index out of range: -1
	at java.util.concurrent.CompletableFuture.encodeThrowable(CompletableFuture.java:292)
	at java.util.concurrent.CompletableFuture.completeThrowable(CompletableFuture.java:308)
	at java.util.concurrent.CompletableFuture.uniAccept(CompletableFuture.java:661)
	at java.util.concurrent.CompletableFuture$UniAccept.tryFire(CompletableFuture.java:646)
	at java.util.concurrent.CompletableFuture.postComplete(CompletableFuture.java:488)
	at java.util.concurrent.CompletableFuture.completeExceptionally(CompletableFuture.java:1990)
	at scala.meta.internal.metals.CancelTokens$.$anonfun$future$1(CancelTokens.scala:38)
	at scala.meta.internal.metals.CancelTokens$.$anonfun$future$1$adapted(CancelTokens.scala:36)
	at scala.concurrent.impl.CallbackRunnable.run(Promise.scala:64)
	at java.util.concurrent.ThreadPoolExecutor.runWorker(ThreadPoolExecutor.java:1149)
	at java.util.concurrent.ThreadPoolExecutor$Worker.run(ThreadPoolExecutor.java:624)
	at java.lang.Thread.run(Thread.java:748)
Caused by: java.lang.StringIndexOutOfBoundsException: String index out of range: -1
	at java.lang.String.charAt(String.java:658)
	at scala.collection.immutable.StringOps$.apply$extension(StringOps.scala:41)
	at scala.meta.internal.metals.MetalsEnrichments$XtensionString.lastIndexBetween(MetalsEnrichments.scala:408)
	at scala.meta.internal.metals.MultilineStringFormattingProvider.pipeInScope(MultilineStringFormattingProvider.scala:93)
	at scala.meta.internal.metals.MultilineStringFormattingProvider.$anonfun$withToken$1(MultilineStringFormattingProvider.scala:139)
	at scala.concurrent.Future$.$anonfun$apply$1(Future.scala:659)
	at scala.util.Success.$anonfun$map$1(Try.scala:255)
	at scala.util.Success.map(Try.scala:213)
	at scala.concurrent.Future.$anonfun$map$1(Future.scala:292)
	at scala.concurrent.impl.Promise.liftedTree1$1(Promise.scala:33)
	at scala.concurrent.impl.Promise.$anonfun$transform$1(Promise.scala:33)
	... 4 more

WARN  no build target for: /home/andy/DEV/sp-frontend/app/models/Payment.scala
WARN  no build target for: /home/andy/DEV/sp-frontend/app/controllers/HomeController.scala
WARN  no build target for: /home/andy/DEV/sp-frontend/app/controllers/HomeController.scala
WARN  no build target for: /home/andy/DEV/sp-frontend/app/controllers/HomeController.scala
WARN  no build target for: /home/andy/DEV/sp-frontend/app/controllers/HomeController.scala
WARN  code navigation does not work for the file '/home/andy/DEV/sp-frontend/app/controllers/HomeController.scala' because it doesn't belong to a build target.
WARN  code navigation does not work for the file '/home/andy/DEV/sp-frontend/app/controllers/HomeController.scala' because it doesn't belong to a build target.
WARN  no build target for: /home/andy/DEV/sp-frontend/app/controllers/HomeController.scala
WARN  no build target for: /home/andy/DEV/sp-frontend/app/controllers/HomeController.scala
WARN  no build target for: /home/andy/DEV/sp-frontend/app/models/Payment.scala
WARN  code navigation does not work for the file '/home/andy/DEV/sp-frontend/app/models/Payment.scala' because it doesn't belong to a build target.
WARN  code navigation does not work for the file '/home/andy/DEV/sp-frontend/app/models/Payment.scala' because it doesn't belong to a build target.
WARN  no build target for: /home/andy/DEV/sp-frontend/app/models/Payment.scala
WARN  code navigation does not work for the file '/home/andy/DEV/sp-frontend/app/controllers/HomeController.scala' because it doesn't belong to a build target.
WARN  code navigation does not work for the file '/home/andy/DEV/sp-frontend/app/controllers/HomeController.scala' because it doesn't belong to a build target.
WARN  no build target for: /home/andy/DEV/sp-frontend/app/controllers/HomeController.scala
WARN  no build target for: /home/andy/DEV/sp-frontend/app/controllers/HomeController.scala
WARN  no build target for: /home/andy/DEV/sp-frontend/app/models/Payment.scala
WARN  no build target for: /home/andy/DEV/sp-frontend/app/models/Payment.scala
WARN  no build target for: /home/andy/DEV/sp-frontend/app/models/Payment.scala
WARN  no build target for: /home/andy/DEV/sp-frontend/app/controllers/HomeController.scala
WARN  no build target for: /home/andy/DEV/sp-frontend/app/controllers/HomeController.scala
WARN  no build target for: /home/andy/DEV/sp-frontend/app/controllers/HomeController.scala
WARN  no build target for: /home/andy/DEV/sp-frontend/app/controllers/HomeController.scala
WARN  no build target for: /home/andy/DEV/sp-frontend/app/controllers/HomeController.scala
